<?xml version="1.0" encoding="UTF-8"?>
<testsuite xmlns:xsi="http://www.w3.org/2001/XMLSchema-instance" xsi:noNamespaceSchemaLocation="https://maven.apache.org/surefire/maven-surefire-plugin/xsd/surefire-test-report-3.0.xsd" version="3.0" name="com.springboard.spendwise.SpendwiseApplicationTests" time="3.268" tests="1" errors="0" skipped="0" failures="0">
  <properties>
[...]
</properties>
  <testcase name="contextLoads" classname="com.springboard.spendwise.SpendwiseApplicationTests" time="1.34">
    <system-out><![CDATA[21:12:12.855 [main] INFO org.springframework.test.context.support.AnnotationConfigContextLoaderUtils -- Could not detect default configuration classes for test class [com.springboard.spendwise.SpendwiseApplicationTests]: SpendwiseApplicationTests does not declare any static, non-private, non-final, nested classes annotated with @Configuration.
21:12:13.010 [main] INFO org.springframework.boot.test.context.SpringBootTestContextBootstrapper -- Found @SpringBootConfiguration com.springboard.spendwise.SpendwiseApplication for test class com.springboard.spendwise.SpendwiseApplicationTests

  .   ____          _            __ _ _
 /\\ / ___'_ __ _ _(_)_ __  __ _ \ \ \ \
( ( )\___ | '_ | '_| | '_ \/ _` | \ \ \ \
 \\/  ___)| |_)| | | | | || (_| |  ) ) ) )
  '  |____| .__|_| |_|_| |_\__, | / / / /
 =========|_|==============|___/=/_/_/_/
 :: Spring Boot ::                (v3.2.4)

2024-04-09T21:12:13.706+05:30  INFO 25116 --- [spendwise] [           main] c.s.spendwise.SpendwiseApplicationTests  : Starting SpendwiseApplicationTests using Java 17.0.6 with PID 25116 (started by RAMESH BABU in C:\Program Files\SpringBoard_2024_SpendWise\Backend\spendwise)
2024-04-09T21:12:13.708+05:30  INFO 25116 --- [spendwise] [           main] c.s.spendwise.SpendwiseApplicationTests  : No active profile set, falling back to 1 default profile: "default"
2024-04-09T21:12:14.482+05:30  INFO 25116 --- [spendwise] [           main] c.s.spendwise.SpendwiseApplicationTests  : Started SpendwiseApplicationTests in 1.233 seconds (process running for 2.632)
]]></system-out>
  </testcase>
</testsuite>